# JRE version: OpenJDK Runtime Environment (21.0.8) (build 21.0.8+-14196175-b1038.72)
# Java VM: OpenJDK 64-Bit Server VM (21.0.8+-14196175-b1038.72, mixed mode, tiered, compressed oops, compressed class ptrs, g1 gc, windows-amd64)
GC Precious Log:
 CardTable entry size: 512
 Card Set container configuration: InlinePtr #cards 5 size 8 Array Of Cards #cards 12 size 40 Howl #buckets 4 coarsen threshold 1843 Howl Bitmap #cards 512 size 80 coarsen threshold 460 Card regions per heap region 1 cards per card region 2048
 CPUs: 12 total, 12 available
 Memory: 16070M
 Large Page Support: Disabled
 NUMA Support: Disabled
 Compressed Oops: Enabled (32-bit)
 Heap Region Size: 1M
 Heap Min Capacity: 8M
 Heap Initial Capacity: 252M
 Heap Max Capacity: 2G
 Pre-touch: Disabled
 Parallel Workers: 10
 Concurrent Workers: 3
 Concurrent Refinement Workers: 10
 Periodic GC: Disabled
Heap:
 garbage-first heap   total 268288K, used 158296K [0x0000000080000000, 0x0000000100000000)
  region size 1024K, 6 young (6144K), 4 survivors (4096K)
 Metaspace       used 152102K, committed 154432K, reserved 1245184K
  class space    used 21620K, committed 22720K, reserved 1048576K
GC Heap History (20 events):
Event: 11.042 GC heap before
{Heap before GC invocations=38 (full 0):
 garbage-first heap   total 239616K, used 202970K [0x0000000080000000, 0x0000000100000000)
  region size 1024K, 80 young (81920K), 6 survivors (6144K)
 Metaspace       used 111625K, committed 113792K, reserved 1179648K
  class space    used 15576K, committed 16640K, reserved 1048576K
}
Event: 11.047 GC heap after
{Heap after GC invocations=39 (full 0):
 garbage-first heap   total 239616K, used 132847K [0x0000000080000000, 0x0000000100000000)
  region size 1024K, 4 young (4096K), 4 survivors (4096K)
 Metaspace       used 111625K, committed 113792K, reserved 1179648K
  class space    used 15576K, committed 16640K, reserved 1048576K
}
Event: 11.417 GC heap before
{Heap before GC invocations=39 (full 0):
 garbage-first heap   total 239616K, used 209647K [0x0000000080000000, 0x0000000100000000)
  region size 1024K, 80 young (81920K), 4 survivors (4096K)
 Metaspace       used 115628K, committed 117824K, reserved 1179648K
  class space    used 16107K, committed 17152K, reserved 1048576K
}
Event: 11.421 GC heap after
{Heap after GC invocations=40 (full 0):
 garbage-first heap   total 239616K, used 136236K [0x0000000080000000, 0x0000000100000000)
  region size 1024K, 8 young (8192K), 8 survivors (8192K)
 Metaspace       used 115628K, committed 117824K, reserved 1179648K
  class space    used 16107K, committed 17152K, reserved 1048576K
}
Event: 12.648 GC heap before
{Heap before GC invocations=40 (full 0):
 garbage-first heap   total 239616K, used 214060K [0x0000000080000000, 0x0000000100000000)
  region size 1024K, 84 young (86016K), 8 survivors (8192K)
 Metaspace       used 117522K, committed 119744K, reserved 1179648K
  class space    used 16358K, committed 17408K, reserved 1048576K
}
Event: 12.655 GC heap after
{Heap after GC invocations=41 (full 0):
 garbage-first heap   total 239616K, used 144217K [0x0000000080000000, 0x0000000100000000)
  region size 1024K, 11 young (11264K), 11 survivors (11264K)
 Metaspace       used 117522K, committed 119744K, reserved 1179648K
  class space    used 16358K, committed 17408K, reserved 1048576K
}
Event: 12.921 GC heap before
{Heap before GC invocations=41 (full 0):
 garbage-first heap   total 239616K, used 176985K [0x0000000080000000, 0x0000000100000000)
  region size 1024K, 44 young (45056K), 11 survivors (11264K)
 Metaspace       used 119763K, committed 121984K, reserved 1179648K
  class space    used 16664K, committed 17792K, reserved 1048576K
}
Event: 12.927 GC heap after
{Heap after GC invocations=42 (full 0):
 garbage-first heap   total 239616K, used 149568K [0x0000000080000000, 0x0000000100000000)
  region size 1024K, 7 young (7168K), 7 survivors (7168K)
 Metaspace       used 119763K, committed 121984K, reserved 1179648K
  class space    used 16664K, committed 17792K, reserved 1048576K
}
Event: 13.535 GC heap before
{Heap before GC invocations=43 (full 0):
 garbage-first heap   total 239616K, used 204864K [0x0000000080000000, 0x0000000100000000)
  region size 1024K, 65 young (66560K), 7 survivors (7168K)
 Metaspace       used 125797K, committed 128064K, reserved 1179648K
  class space    used 17433K, committed 18560K, reserved 1048576K
}
Event: 13.542 GC heap after
{Heap after GC invocations=44 (full 0):
 garbage-first heap   total 239616K, used 155203K [0x0000000080000000, 0x0000000100000000)
  region size 1024K, 9 young (9216K), 9 survivors (9216K)
 Metaspace       used 125797K, committed 128064K, reserved 1179648K
  class space    used 17433K, committed 18560K, reserved 1048576K
}
Event: 14.086 GC heap before
{Heap before GC invocations=44 (full 0):
 garbage-first heap   total 239616K, used 209475K [0x0000000080000000, 0x0000000100000000)
  region size 1024K, 62 young (63488K), 9 survivors (9216K)
 Metaspace       used 128322K, committed 130624K, reserved 1179648K
  class space    used 17695K, committed 18816K, reserved 1048576K
}
Event: 14.092 GC heap after
{Heap after GC invocations=45 (full 0):
 garbage-first heap   total 239616K, used 154362K [0x0000000080000000, 0x0000000100000000)
  region size 1024K, 6 young (6144K), 6 survivors (6144K)
 Metaspace       used 128322K, committed 130624K, reserved 1179648K
  class space    used 17695K, committed 18816K, reserved 1048576K
}
Event: 14.216 GC heap before
{Heap before GC invocations=45 (full 0):
 garbage-first heap   total 239616K, used 168698K [0x0000000080000000, 0x0000000100000000)
  region size 1024K, 22 young (22528K), 6 survivors (6144K)
 Metaspace       used 128646K, committed 130944K, reserved 1179648K
  class space    used 17742K, committed 18816K, reserved 1048576K
}
Event: 14.219 GC heap after
{Heap after GC invocations=46 (full 0):
 garbage-first heap   total 239616K, used 153717K [0x0000000080000000, 0x0000000100000000)
  region size 1024K, 2 young (2048K), 2 survivors (2048K)
 Metaspace       used 128646K, committed 130944K, reserved 1179648K
  class space    used 17742K, committed 18816K, reserved 1048576K
}
Event: 14.776 GC heap before
{Heap before GC invocations=47 (full 0):
 garbage-first heap   total 261120K, used 216181K [0x0000000080000000, 0x0000000100000000)
  region size 1024K, 62 young (63488K), 2 survivors (2048K)
 Metaspace       used 134211K, committed 136448K, reserved 1179648K
  class space    used 18595K, committed 19648K, reserved 1048576K
}
Event: 14.780 GC heap after
{Heap after GC invocations=48 (full 0):
 garbage-first heap   total 261120K, used 160624K [0x0000000080000000, 0x0000000100000000)
  region size 1024K, 8 young (8192K), 8 survivors (8192K)
 Metaspace       used 134211K, committed 136448K, reserved 1179648K
  class space    used 18595K, committed 19648K, reserved 1048576K
}
Event: 15.246 GC heap before
{Heap before GC invocations=48 (full 0):
 garbage-first heap   total 261120K, used 233328K [0x0000000080000000, 0x0000000100000000)
  region size 1024K, 80 young (81920K), 8 survivors (8192K)
 Metaspace       used 143314K, committed 145600K, reserved 1179648K
  class space    used 20121K, committed 21184K, reserved 1048576K
}
Event: 15.252 GC heap after
{Heap after GC invocations=49 (full 0):
 garbage-first heap   total 261120K, used 156619K [0x0000000080000000, 0x0000000100000000)
  region size 1024K, 3 young (3072K), 3 survivors (3072K)
 Metaspace       used 143314K, committed 145600K, reserved 1179648K
  class space    used 20121K, committed 21184K, reserved 1048576K
}
Event: 15.416 GC heap before
{Heap before GC invocations=49 (full 0):
 garbage-first heap   total 261120K, used 197579K [0x0000000080000000, 0x0000000100000000)
  region size 1024K, 45 young (46080K), 3 survivors (3072K)
 Metaspace       used 146372K, committed 148672K, reserved 1179648K
  class space    used 20653K, committed 21760K, reserved 1048576K
}
Event: 15.420 GC heap after
{Heap after GC invocations=50 (full 0):
 garbage-first heap   total 261120K, used 159942K [0x0000000080000000, 0x0000000100000000)
  region size 1024K, 6 young (6144K), 6 survivors (6144K)
 Metaspace       used 146372K, committed 148672K, reserved 1179648K
  class space    used 20653K, committed 21760K, reserved 1048576K
}

