# JRE version: OpenJDK Runtime Environment (21.0.8) (build 21.0.8+-14196175-b1038.72)
# Java VM: OpenJDK 64-Bit Server VM (21.0.8+-14196175-b1038.72, mixed mode, tiered, compressed oops, compressed class ptrs, g1 gc, windows-amd64)
GC Precious Log:
 CardTable entry size: 512
 Card Set container configuration: InlinePtr #cards 5 size 8 Array Of Cards #cards 12 size 40 Howl #buckets 4 coarsen threshold 1843 Howl Bitmap #cards 512 size 80 coarsen threshold 460 Card regions per heap region 1 cards per card region 2048
 CPUs: 12 total, 12 available
 Memory: 16070M
 Large Page Support: Disabled
 NUMA Support: Disabled
 Compressed Oops: Enabled (32-bit)
 Heap Region Size: 1M
 Heap Min Capacity: 8M
 Heap Initial Capacity: 252M
 Heap Max Capacity: 2G
 Pre-touch: Disabled
 Parallel Workers: 10
 Concurrent Workers: 3
 Concurrent Refinement Workers: 10
 Periodic GC: Disabled
Heap:
 garbage-first heap   total 292864K, used 231152K [0x0000000080000000, 0x0000000100000000)
  region size 1024K, 80 young (81920K), 12 survivors (12288K)
 Metaspace       used 158159K, committed 160576K, reserved 1245184K
  class space    used 22392K, committed 23552K, reserved 1048576K
GC Heap History (20 events):
Event: 1101.522 GC heap before
{Heap before GC invocations=49 (full 0):
 garbage-first heap   total 288768K, used 228503K [0x0000000080000000, 0x0000000100000000)
  region size 1024K, 78 young (79872K), 4 survivors (4096K)
 Metaspace       used 119965K, committed 122176K, reserved 1179648K
  class space    used 16597K, committed 17664K, reserved 1048576K
}
Event: 1101.530 GC heap after
{Heap after GC invocations=50 (full 0):
 garbage-first heap   total 288768K, used 156345K [0x0000000080000000, 0x0000000100000000)
  region size 1024K, 8 young (8192K), 8 survivors (8192K)
 Metaspace       used 119965K, committed 122176K, reserved 1179648K
  class space    used 16597K, committed 17664K, reserved 1048576K
}
Event: 1101.939 GC heap before
{Heap before GC invocations=50 (full 0):
 garbage-first heap   total 288768K, used 202425K [0x0000000080000000, 0x0000000100000000)
  region size 1024K, 55 young (56320K), 8 survivors (8192K)
 Metaspace       used 122696K, committed 124992K, reserved 1179648K
  class space    used 16976K, committed 18112K, reserved 1048576K
}
Event: 1101.954 GC heap after
{Heap after GC invocations=51 (full 0):
 garbage-first heap   total 288768K, used 164508K [0x0000000080000000, 0x0000000100000000)
  region size 1024K, 12 young (12288K), 12 survivors (12288K)
 Metaspace       used 122696K, committed 124992K, reserved 1179648K
  class space    used 16976K, committed 18112K, reserved 1048576K
}
Event: 1102.921 GC heap before
{Heap before GC invocations=52 (full 0):
 garbage-first heap   total 288768K, used 251548K [0x0000000080000000, 0x0000000100000000)
  region size 1024K, 92 young (94208K), 12 survivors (12288K)
 Metaspace       used 130058K, committed 132416K, reserved 1179648K
  class space    used 17900K, committed 19072K, reserved 1048576K
}
Event: 1102.935 GC heap after
{Heap after GC invocations=53 (full 0):
 garbage-first heap   total 288768K, used 183588K [0x0000000080000000, 0x0000000100000000)
  region size 1024K, 12 young (12288K), 12 survivors (12288K)
 Metaspace       used 130058K, committed 132416K, reserved 1179648K
  class space    used 17900K, committed 19072K, reserved 1048576K
}
Event: 1103.646 GC heap before
{Heap before GC invocations=53 (full 0):
 garbage-first heap   total 288768K, used 249124K [0x0000000080000000, 0x0000000100000000)
  region size 1024K, 75 young (76800K), 12 survivors (12288K)
 Metaspace       used 132212K, committed 134528K, reserved 1179648K
  class space    used 18151K, committed 19264K, reserved 1048576K
}
Event: 1103.654 GC heap after
{Heap after GC invocations=54 (full 0):
 garbage-first heap   total 288768K, used 164956K [0x0000000080000000, 0x0000000100000000)
  region size 1024K, 4 young (4096K), 4 survivors (4096K)
 Metaspace       used 132212K, committed 134528K, reserved 1179648K
  class space    used 18151K, committed 19264K, reserved 1048576K
}
Event: 1104.418 GC heap before
{Heap before GC invocations=54 (full 0):
 garbage-first heap   total 288768K, used 249948K [0x0000000080000000, 0x0000000100000000)
  region size 1024K, 88 young (90112K), 4 survivors (4096K)
 Metaspace       used 141204K, committed 143488K, reserved 1179648K
  class space    used 19631K, committed 20736K, reserved 1048576K
}
Event: 1104.427 GC heap after
{Heap after GC invocations=55 (full 0):
 garbage-first heap   total 288768K, used 173505K [0x0000000080000000, 0x0000000100000000)
  region size 1024K, 11 young (11264K), 11 survivors (11264K)
 Metaspace       used 141204K, committed 143488K, reserved 1179648K
  class space    used 19631K, committed 20736K, reserved 1048576K
}
Event: 1104.878 GC heap before
{Heap before GC invocations=56 (full 0):
 garbage-first heap   total 288768K, used 247233K [0x0000000080000000, 0x0000000100000000)
  region size 1024K, 90 young (92160K), 11 survivors (11264K)
 Metaspace       used 149297K, committed 151680K, reserved 1179648K
  class space    used 21133K, committed 22272K, reserved 1048576K
}
Event: 1104.887 GC heap after
{Heap after GC invocations=57 (full 0):
 garbage-first heap   total 288768K, used 172630K [0x0000000080000000, 0x0000000100000000)
  region size 1024K, 5 young (5120K), 5 survivors (5120K)
 Metaspace       used 149297K, committed 151680K, reserved 1179648K
  class space    used 21133K, committed 22272K, reserved 1048576K
}
Event: 1105.176 GC heap before
{Heap before GC invocations=57 (full 0):
 garbage-first heap   total 288768K, used 257622K [0x0000000080000000, 0x0000000100000000)
  region size 1024K, 88 young (90112K), 5 survivors (5120K)
 Metaspace       used 153277K, committed 155584K, reserved 1245184K
  class space    used 21796K, committed 22912K, reserved 1048576K
}
Event: 1105.184 GC heap after
{Heap after GC invocations=58 (full 0):
 garbage-first heap   total 288768K, used 166514K [0x0000000080000000, 0x0000000100000000)
  region size 1024K, 6 young (6144K), 6 survivors (6144K)
 Metaspace       used 153277K, committed 155584K, reserved 1245184K
  class space    used 21796K, committed 22912K, reserved 1048576K
}
Event: 1105.542 GC heap before
{Heap before GC invocations=58 (full 0):
 garbage-first heap   total 288768K, used 219762K [0x0000000080000000, 0x0000000100000000)
  region size 1024K, 60 young (61440K), 6 survivors (6144K)
 Metaspace       used 155063K, committed 157440K, reserved 1245184K
  class space    used 22046K, committed 23232K, reserved 1048576K
}
Event: 1105.548 GC heap after
{Heap after GC invocations=59 (full 0):
 garbage-first heap   total 288768K, used 171114K [0x0000000080000000, 0x0000000100000000)
  region size 1024K, 12 young (12288K), 12 survivors (12288K)
 Metaspace       used 155063K, committed 157440K, reserved 1245184K
  class space    used 22046K, committed 23232K, reserved 1048576K
}
Event: 1441.688 GC heap before
{Heap before GC invocations=60 (full 0):
 garbage-first heap   total 288768K, used 276586K [0x0000000080000000, 0x0000000100000000)
  region size 1024K, 99 young (101376K), 12 survivors (12288K)
 Metaspace       used 156849K, committed 159232K, reserved 1245184K
  class space    used 22271K, committed 23424K, reserved 1048576K
}
Event: 1441.697 GC heap after
{Heap after GC invocations=61 (full 0):
 garbage-first heap   total 291840K, used 171195K [0x0000000080000000, 0x0000000100000000)
  region size 1024K, 8 young (8192K), 8 survivors (8192K)
 Metaspace       used 156849K, committed 159232K, reserved 1245184K
  class space    used 22271K, committed 23424K, reserved 1048576K
}
Event: 1442.700 GC heap before
{Heap before GC invocations=61 (full 0):
 garbage-first heap   total 291840K, used 272571K [0x0000000080000000, 0x0000000100000000)
  region size 1024K, 102 young (104448K), 8 survivors (8192K)
 Metaspace       used 157676K, committed 160064K, reserved 1245184K
  class space    used 22348K, committed 23488K, reserved 1048576K
}
Event: 1442.710 GC heap after
{Heap after GC invocations=62 (full 0):
 garbage-first heap   total 292864K, used 163568K [0x0000000080000000, 0x0000000100000000)
  region size 1024K, 12 young (12288K), 12 survivors (12288K)
 Metaspace       used 157676K, committed 160064K, reserved 1245184K
  class space    used 22348K, committed 23488K, reserved 1048576K
}

